test_get_nb_char (__main__.TestExercice) ... ok
test_get_nb_words (__main__.TestExercice) ... ERROR
test_pair (__main__.TestExercice) ... ok
test_remove_third_char (__main__.TestExercice) ... ok
test_replace_char (__main__.TestExercice) ... ERROR

======================================================================
ERROR: test_get_nb_words (__main__.TestExercice)
----------------------------------------------------------------------
Traceback (most recent call last):
  File "test_exercice.py", line 75, in test_get_nb_words
    output = [exercice.get_nb_words(v[0], v[1]) for v in values]
  File "test_exercice.py", line 75, in <listcomp>
    output = [exercice.get_nb_words(v[0], v[1]) for v in values]
TypeError: get_nb_words() takes 1 positional argument but 2 were given

======================================================================
ERROR: test_replace_char (__main__.TestExercice)
----------------------------------------------------------------------
Traceback (most recent call last):
  File "test_exercice.py", line 43, in test_replace_char
    output = [exercice.replace_char(v[0], v[1], v[2]) for v in values]
  File "test_exercice.py", line 43, in <listcomp>
    output = [exercice.replace_char(v[0], v[1], v[2]) for v in values]
  File "/home/runner/work/c03_ch4_exercices-safaikhlef/c03_ch4_exercices-safaikhlef/exercice.py", line 20, in replace_char
    return string[:string.find(old_chart)] + new_chart + string[string.find(old_chart)+1:]
NameError: name 'old_chart' is not defined

----------------------------------------------------------------------
Ran 5 tests in 0.001s

FAILED (errors=2)
